[2025-12-19 09:59:30] Lobby created: frpwiy
[2025-12-19 10:02:50] Lobby created: fyrggj
[2025-12-19 10:17:21] Lobby created: agrhye
[2025-12-19 10:17:49] Lobby created: laoacv
[2025-12-19 13:34:14] Lobby created: ugkcwy
[2025-12-19 13:42:05] Lobby created: xpkcqn
[2025-12-19 13:47:45] Lobby created: opjdrf
[2025-12-19 13:52:03] Lobby created: zkdjba
[2025-12-19 13:52:16] Lobby created: zqtfeg
[2025-12-19 13:56:15] Lobby created: micqld
[2025-12-19 14:01:38] Lobby created: poztah
[2025-12-19 14:09:34] Lobby created: qkqnhu
[2025-12-19 14:16:37] Lobby created: lvbjkl
[2025-12-19 14:20:03] Lobby created: avkkhm
[2025-12-19 14:20:04] Player joined lobby avkkhm: Host (total players: 1)
[2025-12-19 14:20:12] Player joined lobby avkkhm: 12 (total players: 2)
[2025-12-19 14:20:30] Game started in lobby avkkhm with word 'game' and 1 imposters
[2025-12-19 14:32:43] Lobby created: poburl
[2025-12-19 14:32:44] Host connected to lobby poburl
[2025-12-19 14:33:02] Player joined lobby poburl: D (total players: 1)
[2025-12-19 14:33:27] Player joined lobby poburl: 333 (total players: 2)
[2025-12-19 14:35:38] Lobby created: nysyof
[2025-12-19 14:35:38] Host connected to lobby nysyof
[2025-12-19 14:35:47] Player joined lobby nysyof: HELP (total players: 1)
[2025-12-19 14:36:15] Player joined lobby nysyof: WHATA (total players: 2)
[2025-12-19 14:36:20] Game started in lobby nysyof with word 'noodles' and 1 imposters
[2025-12-19 14:40:40] Lobby created: rgbpuk
[2025-12-19 14:40:41] Host connected to lobby rgbpuk
[2025-12-19 14:40:49] Player joined lobby rgbpuk: eee (total players: 1)
[2025-12-19 14:40:53] Player joined lobby rgbpuk: 111 (total players: 2)
[2025-12-19 14:40:57] Game started in lobby rgbpuk with word 'dawn' and 1 imposters
[2025-12-19 14:40:58] Player joined lobby rgbpuk: 111 (total players: 1)
[2025-12-19 14:40:58] Player joined lobby rgbpuk: Player (total players: 2)
[2025-12-19 14:40:58] Player joined lobby rgbpuk: eee (total players: 3)
[2025-12-19 14:44:35] Lobby created: hcmleq
[2025-12-19 14:44:35] Host connected to lobby hcmleq
[2025-12-19 14:44:41] Player joined lobby hcmleq: 123 (total players: 1)
[2025-12-19 14:44:47] Player joined lobby hcmleq: help (total players: 2)
[2025-12-19 14:44:55] Game started in lobby hcmleq with word 'starfish' and 1 imposters
[2025-12-19 14:44:55] Player joined lobby hcmleq: 123 (total players: 1)
[2025-12-19 14:44:55] Player joined lobby hcmleq: Player (total players: 2)
[2025-12-19 14:44:55] Player joined lobby hcmleq: help (total players: 3)
[2025-12-19 14:45:18] Host connected to lobby hcmleq
[2025-12-19 14:45:26] Lobby created: jijsta
[2025-12-19 14:45:26] Host connected to lobby jijsta
[2025-12-19 14:45:42] Player joined lobby jijsta: what (total players: 1)
[2025-12-19 14:45:46] Player joined lobby jijsta: hyuh (total players: 2)
[2025-12-19 14:45:50] Game started in lobby jijsta with word 'cream' and 1 imposters
[2025-12-19 14:45:50] Player joined lobby jijsta: hyuh (total players: 1)
[2025-12-19 14:45:50] Host connected to lobby jijsta
[2025-12-19 14:45:50] Player joined lobby jijsta: what (total players: 2)
[2025-12-19 14:51:01] Lobby created: gpnaay
[2025-12-19 14:51:01] Host connected to lobby gpnaay
[2025-12-19 14:51:08] Player joined lobby gpnaay: test (total players: 1)
[2025-12-19 14:51:13] Player joined lobby gpnaay: uu (total players: 2)
[2025-12-19 14:51:19] Game started in lobby gpnaay with word 'frozen' and 1 imposters
[2025-12-19 14:51:19] Player joined lobby gpnaay: Player (total players: 1)
[2025-12-19 14:51:19] Player joined lobby gpnaay: uu (total players: 2)
[2025-12-19 14:51:19] Player joined lobby gpnaay: test (total players: 3)
[2025-12-19 14:55:32] Lobby created: ghjpua
[2025-12-19 14:55:48] Host connected to lobby ghjpua
[2025-12-19 14:55:49] Player joined lobby ghjpua: huh (total players: 1)
[2025-12-19 14:55:53] Player joined lobby ghjpua: yo (total players: 2)
[2025-12-19 14:55:57] Game started in lobby ghjpua with word 'celebration' and 1 imposters
[2025-12-19 14:55:57] Host connected to lobby ghjpua
[2025-12-19 14:55:57] Player joined lobby ghjpua: huh (total players: 1)
[2025-12-19 14:55:57] Player joined lobby ghjpua: yo (total players: 2)
[2025-12-19 14:56:14] Host connected to lobby ghjpua
[2025-12-19 15:02:37] Lobby created: suydsx
[2025-12-19 15:02:59] Player joined lobby suydsx: test (total players: 1)
[2025-12-19 15:02:59] Player joined lobby suydsx: test2 (total players: 2)
[2025-12-19 15:02:59] Host connected to lobby suydsx
[2025-12-19 15:03:09] Host connected to lobby suydsx
[2025-12-19 15:05:17] Lobby created: natqsw
[2025-12-19 15:05:17] Host connected to lobby natqsw
[2025-12-19 15:05:22] Player joined lobby natqsw: he (total players: 1)
[2025-12-19 15:05:29] Player joined lobby natqsw: whu (total players: 2)
[2025-12-19 15:05:36] Game started in lobby natqsw with word 'artist' and 1 imposters
[2025-12-19 15:05:36] Player joined lobby natqsw: whu (total players: 1)
[2025-12-19 15:05:36] Player joined lobby natqsw: he (total players: 2)
[2025-12-19 15:05:36] Host connected to lobby natqsw
[2025-12-19 15:05:40] Game restarted in lobby natqsw with word 'rock climbing' and 1 imposters
[2025-12-19 15:05:50] Player joined lobby natqsw: whu (total players: 2)
[2025-12-19 15:05:55] Player joined lobby natqsw: whu (total players: 2)
[2025-12-19 15:05:59] Player joined lobby natqsw: whu (total players: 2)
[2025-12-19 15:06:05] Game ended in lobby natqsw
[2025-12-19 15:06:05] Host connected to lobby natqsw
[2025-12-19 15:06:05] Host connected to lobby natqsw
[2025-12-19 15:06:05] Host connected to lobby natqsw
[2025-12-19 15:06:24] Host connected to lobby natqsw
[2025-12-19 15:12:03] Lobby created: fvxvkv
[2025-12-19 15:12:03] Host connected to lobby fvxvkv
[2025-12-19 15:12:10] Player joined lobby fvxvkv: fvxvkv (total players: 1)
[2025-12-19 15:12:13] Player joined lobby fvxvkv: fvxvkv (total players: 2)
[2025-12-19 15:12:26] Host connected to lobby fvxvkv
[2025-12-19 15:12:31] Host connected to lobby fvxvkv
[2025-12-19 15:13:03] Host connected to lobby fvxvkv
[2025-12-19 15:13:55] Host connected to lobby fvxvkv
[2025-12-19 15:14:02] Lobby created: fmcdop
[2025-12-19 15:14:03] Host connected to lobby fmcdop
[2025-12-19 15:14:13] Player joined lobby fmcdop: how (total players: 1)
[2025-12-19 15:14:18] Player joined lobby fmcdop: how2 (total players: 2)
[2025-12-19 15:14:26] Game started in lobby fmcdop with word 'goose' and 1 imposters
[2025-12-19 15:14:26] Player joined lobby fmcdop: how2 (total players: 1)
[2025-12-19 15:14:26] Player joined lobby fmcdop: how (total players: 2)
[2025-12-19 15:14:26] Host connected to lobby fmcdop
[2025-12-19 15:18:20] Game ended in lobby fmcdop
[2025-12-19 15:18:20] Host connected to lobby fmcdop
[2025-12-19 15:18:20] Host connected to lobby fmcdop
[2025-12-19 15:18:20] Host connected to lobby fmcdop
[2025-12-19 15:19:26] Host connected to lobby fmcdop
[2025-12-19 15:19:26] Host connected to lobby fmcdop
[2025-12-19 15:19:26] Host connected to lobby fmcdop
[2025-12-19 15:20:02] Lobby created: pslxkg
[2025-12-19 15:20:02] Host connected to lobby pslxkg
[2025-12-19 15:20:08] Player joined lobby pslxkg: what (total players: 1)
[2025-12-19 15:20:14] Player joined lobby pslxkg: what2 (total players: 2)
[2025-12-19 15:20:16] Game started in lobby pslxkg with word 'cream' and 1 imposters
[2025-12-19 15:20:16] Player joined lobby pslxkg: what (total players: 1)
[2025-12-19 15:20:16] Player joined lobby pslxkg: what2 (total players: 2)
[2025-12-19 15:20:16] Host connected to lobby pslxkg
[2025-12-19 15:20:21] Game restarted in lobby pslxkg with word 'park' and 1 imposters
[2025-12-19 15:20:26] Game ended in lobby pslxkg
[2025-12-19 15:20:27] Player joined lobby pslxkg: what (total players: 1)
[2025-12-19 15:20:27] Player joined lobby pslxkg: what2 (total players: 2)
[2025-12-19 15:20:27] Host connected to lobby pslxkg
[2025-12-19 15:31:51] Lobby created: ndnuek
[2025-12-19 15:31:52] Host connected to lobby ndnuek
[2025-12-19 15:32:14] Host connected to lobby ndnuek
[2025-12-19 15:32:29] Player joined lobby ndnuek: what (total players: 1)
[2025-12-19 15:32:33] Player joined lobby ndnuek: help (total players: 2)
[2025-12-19 15:32:37] Game started in lobby ndnuek with word 'robot' and 1 imposters
[2025-12-19 15:32:38] Player joined lobby ndnuek: what (total players: 1)
[2025-12-19 15:32:38] Player joined lobby ndnuek: help (total players: 2)
[2025-12-19 15:32:38] Host connected to lobby ndnuek
[2025-12-19 15:32:42] Game restarted in lobby ndnuek with word 'ice cream' and 1 imposters
[2025-12-19 15:32:49] Game ended in lobby ndnuek
[2025-12-19 15:32:49] Player joined lobby ndnuek: what (total players: 1)
[2025-12-19 15:32:49] Player joined lobby ndnuek: help (total players: 2)
[2025-12-19 15:32:49] Host connected to lobby ndnuek
[2025-12-19 15:43:54] Lobby created: tmxcll
[2025-12-19 15:43:59] Host connected to lobby tmxcll
[2025-12-19 15:44:07] Player joined lobby tmxcll: huh (total players: 1)
[2025-12-19 15:44:21] Player joined lobby tmxcll: yo (total players: 2)
[2025-12-19 15:44:24] Game started in lobby tmxcll with word 'psychologist' and 1 imposters
[2025-12-19 15:44:24] Player joined lobby tmxcll: huh (total players: 1)
[2025-12-19 15:44:24] Player joined lobby tmxcll: yo (total players: 2)
[2025-12-19 15:44:24] Host connected to lobby tmxcll
[2025-12-19 15:45:08] Player joined lobby tmxcll: yo (total players: 1)
[2025-12-19 15:45:08] Player joined lobby tmxcll: huh (total players: 2)
[2025-12-19 15:45:08] Host connected to lobby tmxcll
[2025-12-19 15:45:47] Player joined lobby tmxcll: huh (total players: 1)
[2025-12-19 15:45:47] Host connected to lobby tmxcll
[2025-12-19 15:45:47] Player joined lobby tmxcll: yo (total players: 2)
[2025-12-19 15:50:23] Lobby created: tbfgwa
[2025-12-19 15:50:24] Host connected to lobby tbfgwa
[2025-12-19 15:50:31] Player joined lobby tbfgwa: whwh (total players: 1)
[2025-12-19 15:50:35] Player joined lobby tbfgwa: ehwh (total players: 2)
[2025-12-19 15:50:51] Player joined lobby tbfgwa: how (total players: 3)
[2025-12-19 15:50:54] Game started in lobby tbfgwa with word 'mother's day' and 1 imposters
[2025-12-19 15:50:54] Player joined lobby tbfgwa: whwh (total players: 1)
[2025-12-19 15:50:54] Player joined lobby tbfgwa: ehwh (total players: 2)
[2025-12-19 15:50:54] Host connected to lobby tbfgwa
[2025-12-19 15:50:54] Player joined lobby tbfgwa: how (total players: 3)
[2025-12-19 15:53:18] Lobby created: oeduwu
[2025-12-19 15:53:18] Host connected to lobby oeduwu
[2025-12-19 15:53:34] Player joined lobby oeduwu: hhhy (total players: 1)
[2025-12-19 15:53:38] Player joined lobby oeduwu: asdofh (total players: 2)
[2025-12-19 15:53:41] Game started in lobby oeduwu with word 'baseball' and 1 imposters
[2025-12-19 15:53:41] Player joined lobby oeduwu: asdofh (total players: 1)
[2025-12-19 15:53:41] Host connected to lobby oeduwu
[2025-12-19 15:53:41] Player joined lobby oeduwu: hhhy (total players: 2)
[2025-12-19 15:53:42] Game ended in lobby oeduwu
[2025-12-19 15:53:42] Player joined lobby oeduwu: asdofh (total players: 1)
[2025-12-19 15:53:42] Player joined lobby oeduwu: hhhy (total players: 2)
[2025-12-19 15:53:42] Host connected to lobby oeduwu
[2025-12-19 19:11:46] Lobby created: woovus
[2025-12-19 19:11:46] Host connected to lobby woovus
[2025-12-19 19:11:59] Player joined lobby woovus: what (total players: 1)
[2025-12-19 19:12:06] Player joined lobby woovus: h (total players: 2)
[2025-12-19 19:12:08] Game started in lobby woovus with word 'science' and 1 imposters
[2025-12-19 19:12:09] Player joined lobby woovus: h (total players: 1)
[2025-12-19 19:12:09] Player joined lobby woovus: what (total players: 2)
[2025-12-19 19:12:09] Host connected to lobby woovus
[2025-12-19 19:13:23] Game restarted in lobby woovus with word 'rabbit' and 1 imposters
[2025-12-19 19:13:27] Game restarted in lobby woovus with word 'moon' and 1 imposters
[2025-12-19 19:13:30] Game restarted in lobby woovus with word 'novel' and 1 imposters
[2025-12-19 19:13:33] Game restarted in lobby woovus with word 'blogging' and 1 imposters
[2025-12-19 19:13:36] Game restarted in lobby woovus with word 'stereo' and 1 imposters
[2025-12-19 19:14:19] Player joined lobby woovus: what (total players: 1)
[2025-12-19 19:14:19] Player joined lobby woovus: h (total players: 2)
[2025-12-19 19:14:19] Host connected to lobby woovus
[2025-12-19 19:14:40] Host connected to lobby woovus
[2025-12-19 19:14:40] Player joined lobby woovus: h (total players: 1)
[2025-12-19 19:14:40] Player joined lobby woovus: what (total players: 2)
[2025-12-19 19:15:06] Player joined lobby woovus: what (total players: 1)
[2025-12-19 19:15:06] Host connected to lobby woovus
[2025-12-19 19:15:06] Player joined lobby woovus: h (total players: 2)
[2025-12-19 19:15:28] Player joined lobby woovus: what (total players: 1)
[2025-12-19 19:15:28] Player joined lobby woovus: h (total players: 2)
[2025-12-19 19:15:28] Host connected to lobby woovus
[2025-12-19 19:15:29] Player joined lobby woovus: h (total players: 1)
[2025-12-19 19:15:29] Host connected to lobby woovus
[2025-12-19 19:15:29] Player joined lobby woovus: what (total players: 2)
[2025-12-19 19:15:37] Player joined lobby woovus: what (total players: 1)
[2025-12-19 19:15:37] Player joined lobby woovus: h (total players: 2)
[2025-12-19 19:15:37] Host connected to lobby woovus
[2025-12-19 19:15:58] Player joined lobby woovus: what (total players: 1)
[2025-12-19 19:15:58] Host connected to lobby woovus
[2025-12-19 19:15:58] Player joined lobby woovus: h (total players: 2)
[2025-12-19 19:16:41] Player joined lobby woovus: what (total players: 1)
[2025-12-19 19:16:41] Host connected to lobby woovus
[2025-12-19 19:16:41] Player joined lobby woovus: h (total players: 2)
[2025-12-19 19:16:50] Player joined lobby woovus: h (total players: 1)
[2025-12-19 19:16:50] Player joined lobby woovus: what (total players: 2)
[2025-12-19 19:16:50] Host connected to lobby woovus
[2025-12-19 19:16:53] Player joined lobby woovus: what (total players: 2)
[2025-12-19 19:17:46] Player joined lobby woovus: h (total players: 1)
[2025-12-19 19:17:46] Host connected to lobby woovus
[2025-12-19 19:17:46] Player joined lobby woovus: what (total players: 2)
[2025-12-19 19:17:47] Host connected to lobby woovus
[2025-12-19 19:17:47] Player joined lobby woovus: what (total players: 1)
[2025-12-19 19:17:47] Player joined lobby woovus: h (total players: 2)
[2025-12-19 19:19:38] Lobby created: zkbjqq
[2025-12-19 19:19:38] Host connected to lobby zkbjqq
[2025-12-19 19:19:44] Player joined lobby zkbjqq: nah (total players: 1)
[2025-12-19 19:19:48] Player joined lobby zkbjqq: what (total players: 2)
[2025-12-19 19:19:51] Game started in lobby zkbjqq with word 'district' and 1 imposters
[2025-12-19 19:19:51] Player joined lobby zkbjqq: what (total players: 1)
[2025-12-19 19:19:51] Player joined lobby zkbjqq: nah (total players: 2)
[2025-12-19 19:19:51] Host connected to lobby zkbjqq
[2025-12-19 19:21:48] Lobby created: gruvzn
[2025-12-19 19:21:49] Host connected to lobby gruvzn
[2025-12-19 19:21:59] Player joined lobby gruvzn: huuh (total players: 1)
[2025-12-19 19:22:03] Player joined lobby gruvzn: eheh (total players: 2)
[2025-12-19 19:22:07] Game started in lobby gruvzn with word 'roar' and 1 imposters
[2025-12-19 19:22:07] Player joined lobby gruvzn: huuh (total players: 1)
[2025-12-19 19:22:07] Player joined lobby gruvzn: eheh (total players: 2)
[2025-12-19 19:22:07] Host connected to lobby gruvzn
[2025-12-19 19:22:23] Player joined lobby gruvzn: huuh (total players: 1)
[2025-12-19 19:22:23] Player joined lobby gruvzn: eheh (total players: 2)
[2025-12-19 19:22:23] Host connected to lobby gruvzn
[2025-12-19 19:24:24] Host connected to lobby gruvzn
[2025-12-19 19:24:24] Player joined lobby gruvzn: eheh (total players: 1)
[2025-12-19 19:24:24] Player joined lobby gruvzn: huuh (total players: 2)
[2025-12-19 19:24:30] Player joined lobby gruvzn: huuh (total players: 1)
[2025-12-19 19:24:30] Host connected to lobby gruvzn
[2025-12-19 19:24:30] Player joined lobby gruvzn: eheh (total players: 2)
[2025-12-19 19:25:03] Host connected to lobby gruvzn
[2025-12-19 19:25:03] Player joined lobby gruvzn: eheh (total players: 1)
[2025-12-19 19:25:03] Player joined lobby gruvzn: huuh (total players: 2)
[2025-12-19 19:25:15] Player joined lobby gruvzn: huuh (total players: 1)
[2025-12-19 19:25:15] Player joined lobby gruvzn: eheh (total players: 2)
[2025-12-19 19:25:15] Host connected to lobby gruvzn
[2025-12-19 19:25:37] Game ended in lobby gruvzn
[2025-12-19 19:25:37] Player joined lobby gruvzn: eheh (total players: 1)
[2025-12-19 19:25:37] Player joined lobby gruvzn: huuh (total players: 2)
[2025-12-19 19:25:37] Host connected to lobby gruvzn
[2025-12-19 19:26:05] Game started in lobby gruvzn with word 'district' and 1 imposters
[2025-12-19 19:26:05] Host connected to lobby gruvzn
[2025-12-19 19:26:05] Player joined lobby gruvzn: huuh (total players: 1)
[2025-12-19 19:26:05] Player joined lobby gruvzn: eheh (total players: 2)
[2025-12-19 19:26:10] Game restarted in lobby gruvzn with word 'cactus' and 1 imposters
[2025-12-19 19:28:24] Lobby created: usgcfw
[2025-12-19 19:28:24] Host connected to lobby usgcfw
[2025-12-19 19:28:31] Player joined lobby usgcfw: wait (total players: 1)
[2025-12-19 19:28:36] Player joined lobby usgcfw: now (total players: 2)
[2025-12-19 19:28:40] Game started in lobby usgcfw with word 'bowling alley' and 1 imposters
[2025-12-19 19:28:40] Player joined lobby usgcfw: now (total players: 1)
[2025-12-19 19:28:40] Player joined lobby usgcfw: wait (total players: 2)
[2025-12-19 19:28:40] Host connected to lobby usgcfw
[2025-12-19 19:28:44] Game restarted in lobby usgcfw with word 'accordion' and 1 imposters
[2025-12-19 19:28:46] Game restarted in lobby usgcfw with word 'penguin' and 1 imposters
[2025-12-19 19:28:49] Game restarted in lobby usgcfw with word 'storm' and 1 imposters
[2025-12-19 19:28:51] Game restarted in lobby usgcfw with word 'braising' and 1 imposters
[2025-12-19 19:28:54] Game restarted in lobby usgcfw with word 'fox' and 1 imposters
[2025-12-19 19:28:56] Game restarted in lobby usgcfw with word 'independence day' and 1 imposters
[2025-12-19 19:28:58] Game restarted in lobby usgcfw with word 'cotton' and 1 imposters
[2025-12-19 19:30:33] Lobby created: zwtbvf
[2025-12-19 19:30:33] Host connected to lobby zwtbvf
[2025-12-19 19:31:16] Lobby created: wpna
[2025-12-19 19:31:16] Host connected to lobby wpna
[2025-12-19 19:31:21] Player joined lobby wpna: wh (total players: 1)
[2025-12-19 19:31:26] Player joined lobby wpna: ejh (total players: 2)
[2025-12-19 19:31:33] Game started in lobby wpna with word 'refrigerator' and 1 imposters
[2025-12-19 19:31:33] Player joined lobby wpna: ejh (total players: 1)
[2025-12-19 19:31:33] Player joined lobby wpna: wh (total players: 2)
[2025-12-19 19:31:33] Host connected to lobby wpna
[2025-12-19 19:31:58] Player joined lobby wpna: ejh (total players: 2)
[2025-12-19 19:32:21] Player joined lobby wpna: wh (total players: 1)
[2025-12-19 19:32:21] Host connected to lobby wpna
[2025-12-19 19:32:21] Player joined lobby wpna: ejh (total players: 2)
[2025-12-19 19:32:47] Player joined lobby wpna: ejh (total players: 1)
[2025-12-19 19:32:47] Host connected to lobby wpna
[2025-12-19 19:32:47] Player joined lobby wpna: wh (total players: 2)
[2025-12-19 19:32:49] Player joined lobby wpna: wh (total players: 1)
[2025-12-19 19:32:49] Player joined lobby wpna: ejh (total players: 2)
[2025-12-19 19:32:49] Host connected to lobby wpna
[2025-12-19 19:33:07] Host connected to lobby wpna
[2025-12-19 19:33:07] Player joined lobby wpna: wh (total players: 1)
[2025-12-19 19:33:07] Player joined lobby wpna: ejh (total players: 2)
[2025-12-19 19:33:14] Host connected to lobby wpna
[2025-12-19 19:33:14] Player joined lobby wpna: wh (total players: 1)
[2025-12-19 19:33:14] Player joined lobby wpna: ejh (total players: 2)
[2025-12-19 19:33:16] Player joined lobby wpna: ejh (total players: 1)
[2025-12-19 19:33:16] Host connected to lobby wpna
[2025-12-19 19:33:16] Player joined lobby wpna: wh (total players: 2)
[2025-12-19 19:52:20] Lobby created: gsly
[2025-12-19 19:52:24] Host connected to lobby gsly
[2025-12-19 19:52:24] Host connected to lobby gsly
[2025-12-19 19:52:34] Player joined lobby gsly: whaq (total players: 1)
[2025-12-19 19:52:38] Player joined lobby gsly: nah (total players: 2)
[2025-12-19 19:52:42] Game started in lobby gsly with word 'barge' and 1 imposters
[2025-12-19 19:52:42] Player joined lobby gsly: nah (total players: 1)
[2025-12-19 19:52:42] Player joined lobby gsly: whaq (total players: 2)
[2025-12-19 19:52:42] Host connected to lobby gsly
[2025-12-19 19:52:58] Game restarted in lobby gsly with word 'pretzel' and 1 imposters
[2025-12-19 19:53:02] Game restarted in lobby gsly with word 'trumpet' and 1 imposters
[2025-12-19 19:53:07] Game restarted in lobby gsly with word 'plaza' and 1 imposters
[2025-12-19 19:53:08] Game restarted in lobby gsly with word 'vineyard' and 1 imposters
[2025-12-19 19:53:09] Game restarted in lobby gsly with word 'frozen' and 1 imposters
[2025-12-19 19:53:09] Game restarted in lobby gsly with word 'bookcase' and 1 imposters
[2025-12-19 19:53:10] Game restarted in lobby gsly with word 'halloween' and 1 imposters
[2025-12-19 19:53:11] Game restarted in lobby gsly with word 'organ' and 1 imposters
[2025-12-19 19:53:12] Game restarted in lobby gsly with word 'small' and 1 imposters
[2025-12-19 19:53:13] Game restarted in lobby gsly with word 'binoculars' and 1 imposters
[2025-12-19 19:53:14] Game restarted in lobby gsly with word 'surfing' and 1 imposters
[2025-12-19 19:53:14] Game restarted in lobby gsly with word 'pagoda' and 1 imposters
[2025-12-19 19:53:15] Game restarted in lobby gsly with word 'scale' and 1 imposters
[2025-12-19 19:53:15] Game restarted in lobby gsly with word 'speaker' and 1 imposters
[2025-12-19 19:53:16] Game restarted in lobby gsly with word 'shoulder' and 1 imposters
[2025-12-19 19:53:17] Game restarted in lobby gsly with word 'basketball' and 1 imposters
[2025-12-19 19:53:17] Game restarted in lobby gsly with word 'hut' and 1 imposters
[2025-12-19 19:53:18] Game restarted in lobby gsly with word 'amplifier' and 1 imposters
[2025-12-19 19:53:19] Game restarted in lobby gsly with word 'yogurt' and 1 imposters
[2025-12-19 19:53:19] Game restarted in lobby gsly with word 'tipi' and 1 imposters
[2025-12-19 19:53:20] Game restarted in lobby gsly with word 'professor' and 1 imposters
[2025-12-19 19:53:21] Game restarted in lobby gsly with word 'shelf' and 1 imposters
[2025-12-19 19:53:22] Game restarted in lobby gsly with word 'security guard' and 1 imposters
[2025-12-19 19:53:23] Game restarted in lobby gsly with word 'rum' and 1 imposters
[2025-12-19 19:53:24] Game restarted in lobby gsly with word 'giraffe' and 1 imposters
[2025-12-19 19:53:25] Game restarted in lobby gsly with word 'hockey' and 1 imposters
[2025-12-19 20:03:29] Lobby created: crjg
[2025-12-19 20:03:29] Host connected to lobby crjg
[2025-12-19 20:03:35] Player joined lobby crjg: www (total players: 1)
[2025-12-19 20:03:40] Player joined lobby crjg: ddmj (total players: 2)
[2025-12-19 20:03:42] Game started in lobby crjg with word 'hair dye' and 1 imposters
[2025-12-19 20:03:42] Player joined lobby crjg: ddmj (total players: 1)
[2025-12-19 20:03:42] Player joined lobby crjg: www (total players: 2)
[2025-12-19 20:03:42] Host connected to lobby crjg
[2025-12-19 20:03:57] Player joined lobby crjg: ddmj (total players: 1)
[2025-12-19 20:03:57] Player joined lobby crjg: ddmj (total players: 1)
[2025-12-19 20:03:57] Host connected to lobby crjg
[2025-12-19 20:03:57] Player joined lobby crjg: www (total players: 2)
[2025-12-19 20:04:18] Player joined lobby crjg: www (total players: 1)
[2025-12-19 20:04:18] Host connected to lobby crjg
[2025-12-19 20:04:18] Player joined lobby crjg: ddmj (total players: 2)
[2025-12-19 20:04:26] Host connected to lobby crjg
[2025-12-19 20:04:26] Player joined lobby crjg: www (total players: 1)
[2025-12-19 20:04:26] Player joined lobby crjg: ddmj (total players: 2)
[2025-12-19 20:04:28] Game restarted in lobby crjg with word 'blimp' and 1 imposters
[2025-12-19 20:04:30] Game restarted in lobby crjg with word 'firefighter' and 1 imposters
[2025-12-19 20:04:31] Game restarted in lobby crjg with word 'beach' and 1 imposters
[2025-12-19 20:04:32] Game restarted in lobby crjg with word 'toe' and 1 imposters
[2025-12-19 20:04:32] Game restarted in lobby crjg with word 'halloween' and 1 imposters
[2025-12-19 20:04:33] Game restarted in lobby crjg with word 'silence' and 1 imposters
[2025-12-19 20:04:34] Game restarted in lobby crjg with word 'usa' and 1 imposters
[2025-12-19 20:04:35] Game restarted in lobby crjg with word 'newspaper' and 1 imposters
[2025-12-19 20:04:35] Game restarted in lobby crjg with word 'rectangle' and 1 imposters
[2025-12-19 20:04:45] Player joined lobby crjg: www (total players: 1)
[2025-12-19 20:04:45] Player joined lobby crjg: ddmj (total players: 2)
[2025-12-19 20:04:45] Host connected to lobby crjg
[2025-12-19 20:04:53] Game restarted in lobby crjg with word 'hair dye' and 1 imposters
[2025-12-19 20:04:54] Game restarted in lobby crjg with word 'profession' and 1 imposters
[2025-12-19 20:05:09] Player joined lobby crjg: ddmj (total players: 1)
[2025-12-19 20:05:09] Host connected to lobby crjg
[2025-12-19 20:05:09] Player joined lobby crjg: www (total players: 2)
[2025-12-19 20:05:11] Game restarted in lobby crjg with word 'cake' and 1 imposters
[2025-12-19 20:05:12] Game restarted in lobby crjg with word 'banana' and 1 imposters
[2025-12-19 20:05:12] Game restarted in lobby crjg with word 'ice skating' and 1 imposters
[2025-12-19 20:05:26] Player joined lobby crjg: www (total players: 1)
[2025-12-19 20:05:26] Player joined lobby crjg: ddmj (total players: 2)
[2025-12-19 20:05:26] Host connected to lobby crjg
[2025-12-19 20:05:29] Game restarted in lobby crjg with word 'synagogue' and 1 imposters
[2025-12-19 20:05:29] Game restarted in lobby crjg with word 'mexico' and 1 imposters
[2025-12-19 20:05:30] Game restarted in lobby crjg with word 'koala' and 1 imposters
[2025-12-19 20:05:30] Game restarted in lobby crjg with word 'rabbit' and 1 imposters
[2025-12-19 20:05:31] Game restarted in lobby crjg with word 'pants' and 1 imposters
[2025-12-19 20:05:31] Game restarted in lobby crjg with word 'tooth' and 1 imposters
[2025-12-19 20:05:32] Game restarted in lobby crjg with word 'lantern' and 1 imposters
[2025-12-19 20:05:32] Game restarted in lobby crjg with word 'north america' and 1 imposters
[2025-12-19 20:05:33] Game restarted in lobby crjg with word 'water' and 1 imposters
[2025-12-19 20:05:34] Game restarted in lobby crjg with word 'frog' and 1 imposters
[2025-12-19 20:05:35] Game restarted in lobby crjg with word 'vineyard' and 1 imposters
[2025-12-19 20:05:35] Game restarted in lobby crjg with word 'apricot' and 1 imposters
[2025-12-19 20:05:36] Game restarted in lobby crjg with word 'engineer' and 1 imposters
[2025-12-19 20:05:36] Game restarted in lobby crjg with word 'city' and 1 imposters
[2025-12-19 20:05:37] Game restarted in lobby crjg with word 'fishing boat' and 1 imposters
[2025-12-19 20:05:37] Game restarted in lobby crjg with word 'mandolin' and 1 imposters
[2025-12-19 20:05:38] Game restarted in lobby crjg with word 'australia' and 1 imposters
[2025-12-19 20:05:40] Game restarted in lobby crjg with word 'mosquito' and 1 imposters
[2025-12-19 20:05:40] Game restarted in lobby crjg with word 'sun' and 1 imposters
[2025-12-19 20:05:41] Game restarted in lobby crjg with word 'hot air balloon' and 1 imposters
[2025-12-19 20:05:42] Game restarted in lobby crjg with word 'joystick' and 1 imposters
[2025-12-19 20:05:43] Game restarted in lobby crjg with word 'woodworking' and 1 imposters
[2025-12-19 20:05:44] Game restarted in lobby crjg with word 'donut' and 1 imposters
[2025-12-19 20:05:48] Game restarted in lobby crjg with word 'printer' and 1 imposters
[2025-12-19 20:05:49] Game restarted in lobby crjg with word 'gauze' and 1 imposters
[2025-12-19 20:05:50] Game restarted in lobby crjg with word 'tunic' and 1 imposters
[2025-12-19 20:05:51] Game restarted in lobby crjg with word 'scarf' and 1 imposters
[2025-12-19 20:05:52] Game restarted in lobby crjg with word 'pelican' and 1 imposters
[2025-12-19 20:05:53] Game restarted in lobby crjg with word 'fiction' and 1 imposters
[2025-12-19 20:05:54] Game restarted in lobby crjg with word 'frisbee' and 1 imposters
[2025-12-19 20:05:54] Game restarted in lobby crjg with word 'cream' and 1 imposters
[2025-12-19 20:05:55] Game restarted in lobby crjg with word 'vinegar' and 1 imposters
[2025-12-19 20:05:56] Game restarted in lobby crjg with word 'zipper' and 1 imposters
[2025-12-19 20:05:57] Game restarted in lobby crjg with word 'cabin' and 1 imposters
[2025-12-19 20:05:58] Game restarted in lobby crjg with word 'music' and 1 imposters
[2025-12-19 20:06:01] Game restarted in lobby crjg with word 'italy' and 1 imposters
