[2025-12-19 14:14:56] Lobby created: pupzsy
[2025-12-19 14:14:56] Lobby created: pvhlkq
[2025-12-19 14:14:56] Lobby created: kxdpyo
[2025-12-19 14:14:56] Player joined lobby kxdpyo: TestPlayer (total players: 1)
[2025-12-19 14:14:56] Lobby created: hqsvoq
[2025-12-19 14:14:56] Lobby created: peytlc
[2025-12-19 14:14:56] Player joined lobby peytlc: Player1 (total players: 1)
[2025-12-19 14:14:56] Player joined lobby peytlc: Player2 (total players: 2)
[2025-12-19 14:14:56] Lobby created: puekyi
[2025-12-19 14:14:56] Player joined lobby puekyi: Player1 (total players: 1)
[2025-12-19 14:14:56] Player joined lobby puekyi: Player2 (total players: 2)
[2025-12-19 14:14:56] Player joined lobby puekyi: Player3 (total players: 3)
[2025-12-19 14:14:56] Game started in lobby puekyi with word 'nuts' and 1 imposters
[2025-12-19 14:14:56] Lobby created: kznlze
[2025-12-19 14:14:56] Lobby created: zejnqz
[2025-12-19 14:14:56] Lobby created: edwglo
[2025-12-19 14:14:56] Player joined lobby edwglo: Host (total players: 1)
[2025-12-19 14:14:56] Player joined lobby edwglo: Player1 (total players: 2)
[2025-12-19 14:14:56] Player joined lobby edwglo: Player2 (total players: 3)
[2025-12-19 14:14:56] Player joined lobby edwglo: Player3 (total players: 4)
[2025-12-19 14:14:56] Game started in lobby edwglo with word 'badminton' and 1 imposters
[2025-12-19 14:15:23] Lobby created: zersls
[2025-12-19 14:15:23] Lobby created: eozcvy
[2025-12-19 14:15:23] Lobby created: eyedjo
[2025-12-19 14:15:23] Player joined lobby eyedjo: TestPlayer (total players: 1)
[2025-12-19 14:15:23] Lobby created: vxjkqx
[2025-12-19 14:15:23] Lobby created: dqkmqk
[2025-12-19 14:15:23] Player joined lobby dqkmqk: Player1 (total players: 1)
[2025-12-19 14:15:23] Player joined lobby dqkmqk: Player2 (total players: 2)
[2025-12-19 14:15:23] Lobby created: xveqss
[2025-12-19 14:15:23] Player joined lobby xveqss: Player1 (total players: 1)
[2025-12-19 14:15:23] Player joined lobby xveqss: Player2 (total players: 2)
[2025-12-19 14:15:23] Player joined lobby xveqss: Player3 (total players: 3)
[2025-12-19 14:15:23] Game started in lobby xveqss with word 'rain' and 1 imposters
[2025-12-19 14:15:23] Lobby created: cfkixr
[2025-12-19 14:15:23] Lobby created: nhkdbf
[2025-12-19 14:15:23] Lobby created: fumwzy
[2025-12-19 14:15:23] Player joined lobby fumwzy: Host (total players: 1)
[2025-12-19 14:15:23] Player joined lobby fumwzy: Player1 (total players: 2)
[2025-12-19 14:15:23] Player joined lobby fumwzy: Player2 (total players: 3)
[2025-12-19 14:15:23] Player joined lobby fumwzy: Player3 (total players: 4)
[2025-12-19 14:15:23] Game started in lobby fumwzy with word 'harp' and 1 imposters
[2025-12-19 14:15:38] Lobby created: qdmunh
[2025-12-19 14:15:38] Lobby created: celkyz
[2025-12-19 14:15:38] Lobby created: tregjw
[2025-12-19 14:15:38] Player joined lobby tregjw: TestPlayer (total players: 1)
[2025-12-19 14:15:38] Lobby created: fyknyv
[2025-12-19 14:15:38] Lobby created: fheyui
[2025-12-19 14:15:38] Player joined lobby fheyui: Player1 (total players: 1)
[2025-12-19 14:15:38] Player joined lobby fheyui: Player2 (total players: 2)
[2025-12-19 14:15:38] Lobby created: asiqwn
[2025-12-19 14:15:38] Player joined lobby asiqwn: Player1 (total players: 1)
[2025-12-19 14:15:38] Player joined lobby asiqwn: Player2 (total players: 2)
[2025-12-19 14:15:38] Player joined lobby asiqwn: Player3 (total players: 3)
[2025-12-19 14:15:38] Game started in lobby asiqwn with word 'hair spray' and 1 imposters
[2025-12-19 14:15:38] Lobby created: mrqbja
[2025-12-19 14:15:38] Lobby created: xlvdsk
[2025-12-19 14:15:38] Lobby created: hdsepf
[2025-12-19 14:15:38] Player joined lobby hdsepf: Host (total players: 1)
[2025-12-19 14:15:38] Player joined lobby hdsepf: Player1 (total players: 2)
[2025-12-19 14:15:38] Player joined lobby hdsepf: Player2 (total players: 3)
[2025-12-19 14:15:38] Player joined lobby hdsepf: Player3 (total players: 4)
[2025-12-19 14:15:38] Game started in lobby hdsepf with word 'quilting' and 1 imposters
[2025-12-19 14:15:44] Lobby created: tgjwkt
[2025-12-19 14:15:44] Lobby created: boebaq
[2025-12-19 14:15:44] Lobby created: eyqzyo
[2025-12-19 14:15:44] Player joined lobby eyqzyo: TestPlayer (total players: 1)
[2025-12-19 14:15:44] Lobby created: ibdvmn
[2025-12-19 14:15:44] Lobby created: agniqu
[2025-12-19 14:15:44] Player joined lobby agniqu: Player1 (total players: 1)
[2025-12-19 14:15:44] Player joined lobby agniqu: Player2 (total players: 2)
[2025-12-19 14:15:44] Lobby created: iziqvg
[2025-12-19 14:15:44] Player joined lobby iziqvg: Player1 (total players: 1)
[2025-12-19 14:15:44] Player joined lobby iziqvg: Player2 (total players: 2)
[2025-12-19 14:15:44] Player joined lobby iziqvg: Player3 (total players: 3)
[2025-12-19 14:15:44] Game started in lobby iziqvg with word 'slippers' and 1 imposters
[2025-12-19 14:15:44] Lobby created: cvzduq
[2025-12-19 14:15:44] Lobby created: dgarvd
[2025-12-19 14:15:44] Lobby created: hmfqxz
[2025-12-19 14:15:44] Player joined lobby hmfqxz: Host (total players: 1)
[2025-12-19 14:15:44] Player joined lobby hmfqxz: Player1 (total players: 2)
[2025-12-19 14:15:44] Player joined lobby hmfqxz: Player2 (total players: 3)
[2025-12-19 14:15:44] Player joined lobby hmfqxz: Player3 (total players: 4)
[2025-12-19 14:15:44] Game started in lobby hmfqxz with word 'nebula' and 1 imposters
[2025-12-19 14:23:16] Lobby created: smyofk
[2025-12-19 14:23:16] Lobby created: uuzqtg
[2025-12-19 14:23:16] Lobby created: xrrqyj
[2025-12-19 14:23:16] Player joined lobby xrrqyj: TestPlayer (total players: 1)
[2025-12-19 14:23:16] Lobby created: aoevxv
[2025-12-19 14:23:16] Lobby created: sujqpi
[2025-12-19 14:23:16] Player joined lobby sujqpi: Player1 (total players: 1)
[2025-12-19 14:23:16] Player joined lobby sujqpi: Player2 (total players: 2)
[2025-12-19 14:23:16] Lobby created: zxddeu
[2025-12-19 14:23:16] Player joined lobby zxddeu: Player1 (total players: 1)
[2025-12-19 14:23:16] Player joined lobby zxddeu: Player2 (total players: 2)
[2025-12-19 14:23:16] Player joined lobby zxddeu: Player3 (total players: 3)
[2025-12-19 14:23:16] Game started in lobby zxddeu with word 'tall' and 1 imposters
[2025-12-19 14:23:16] Lobby created: ygltzd
[2025-12-19 14:23:16] Lobby created: mezvps
[2025-12-19 14:23:16] Lobby created: bzcvss
[2025-12-19 14:23:16] Host connected to lobby bzcvss
[2025-12-19 14:24:29] Lobby created: fvpxxp
[2025-12-19 14:24:29] Lobby created: iyjvop
[2025-12-19 14:24:29] Lobby created: secjll
[2025-12-19 14:24:29] Player joined lobby secjll: TestPlayer (total players: 1)
[2025-12-19 14:24:29] Lobby created: nivmiy
[2025-12-19 14:24:29] Lobby created: exditq
[2025-12-19 14:24:29] Player joined lobby exditq: Player1 (total players: 1)
[2025-12-19 14:24:29] Player joined lobby exditq: Player2 (total players: 2)
[2025-12-19 14:24:29] Lobby created: otaybp
[2025-12-19 14:24:29] Player joined lobby otaybp: Player1 (total players: 1)
[2025-12-19 14:24:29] Player joined lobby otaybp: Player2 (total players: 2)
[2025-12-19 14:24:29] Player joined lobby otaybp: Player3 (total players: 3)
[2025-12-19 14:24:29] Game started in lobby otaybp with word 'pencil' and 1 imposters
[2025-12-19 14:24:29] Lobby created: janzpn
[2025-12-19 14:24:29] Lobby created: edzass
[2025-12-19 14:24:29] Lobby created: cupebc
[2025-12-19 14:24:29] Host connected to lobby cupebc
[2025-12-19 14:24:29] Player joined lobby cupebc: Player1 (total players: 1)
[2025-12-19 14:24:29] Player joined lobby cupebc: Player2 (total players: 2)
[2025-12-19 14:24:29] Player joined lobby cupebc: Player3 (total players: 3)
[2025-12-19 14:24:29] Game started in lobby cupebc with word 'boxing' and 1 imposters
[2025-12-19 14:34:42] Lobby created: ynvteo
[2025-12-19 14:34:42] Lobby created: jgfkha
[2025-12-19 14:34:42] Lobby created: xkrhqi
[2025-12-19 14:34:42] Player joined lobby xkrhqi: TestPlayer (total players: 1)
[2025-12-19 14:34:42] Lobby created: ffmsrj
[2025-12-19 14:34:42] Lobby created: rextoq
[2025-12-19 14:34:42] Player joined lobby rextoq: Player1 (total players: 1)
[2025-12-19 14:34:42] Player joined lobby rextoq: Player2 (total players: 2)
[2025-12-19 14:34:42] Lobby created: ydigiv
[2025-12-19 14:34:42] Player joined lobby ydigiv: Player1 (total players: 1)
[2025-12-19 14:34:42] Player joined lobby ydigiv: Player2 (total players: 2)
[2025-12-19 14:34:42] Player joined lobby ydigiv: Player3 (total players: 3)
[2025-12-19 14:34:42] Game started in lobby ydigiv with word 'museum' and 1 imposters
[2025-12-19 14:34:42] Lobby created: xqrcfb
[2025-12-19 14:34:42] Lobby created: bchvoq
[2025-12-19 14:34:42] Lobby created: foiwev
[2025-12-19 14:34:42] Host connected to lobby foiwev
[2025-12-19 14:34:42] Player joined lobby foiwev: Player1 (total players: 1)
[2025-12-19 14:34:42] Player joined lobby foiwev: Player2 (total players: 2)
[2025-12-19 14:34:42] Player joined lobby foiwev: Player3 (total players: 3)
[2025-12-19 14:34:42] Game started in lobby foiwev with word 'pumps' and 1 imposters
